Unity Editor version:    2020.3.20f1 (41c4e627c95f)
Branch:                  2020.3/staging
Build type:              Release
Batch mode:              YES
macOS version:           Version 12.0 (Build 21A344)
Darwin version:          21.0.1
Architecture:            x86_64
Running under Rosetta:   YES
Available memory:        16384 MB
Using pre-set license
Pro License: NO

COMMAND LINE ARGUMENTS:
/Applications/Unity/Hub/Editor/2020.3.20f1/Unity.app/Contents/MacOS/Unity
-adb2
-batchMode
-noUpm
-name
AssetImportWorker0
-projectPath
/Users/tomiliu/Desktop/MyProjects/unity-projects/2DAction
-logFile
Logs/AssetImportWorker0.log
-srvPort
49468
Successfully changed project path to: /Users/tomiliu/Desktop/MyProjects/unity-projects/2DAction
/Users/tomiliu/Desktop/MyProjects/unity-projects/2DAction
Using Asset Import Pipeline V2.
Refreshing native plugins compatible for Editor in 45.77 ms, found 3 plugins.
Preloading 0 native plugins for Editor in 0.00 ms.
Initialize engine version: 2020.3.20f1 (41c4e627c95f)
[Subsystems] Discovering subsystems at path /Applications/Unity/Hub/Editor/2020.3.20f1/Unity.app/Contents/Resources/UnitySubsystems
[Subsystems] Discovering subsystems at path /Users/tomiliu/Desktop/MyProjects/unity-projects/2DAction/Assets
GfxDevice: creating device client; threaded=0
2021-11-02 23:31:55.350 Unity[3184:36757] (null) preferred device: Apple M1 Pro (high power)
2021-11-02 23:31:55.350 Unity[3184:36757] Metal devices available: 1
2021-11-02 23:31:55.350 Unity[3184:36757] 0: Apple M1 Pro (high power)
2021-11-02 23:31:55.350 Unity[3184:36757] Using device Apple M1 Pro (high power)
Initializing Metal device caps: Apple M1 Pro
Initialize mono
Mono path[0] = '/Applications/Unity/Hub/Editor/2020.3.20f1/Unity.app/Contents/Managed'
Mono path[1] = '/Applications/Unity/Hub/Editor/2020.3.20f1/Unity.app/Contents/MonoBleedingEdge/lib/mono/unityjit'
Mono config path = '/Applications/Unity/Hub/Editor/2020.3.20f1/Unity.app/Contents/MonoBleedingEdge/etc'
Using monoOptions --debugger-agent=transport=dt_socket,embedding=1,server=y,suspend=n,address=127.0.0.1:56184
Begin MonoManager ReloadAssembly
Registering precompiled unity dll's ...
Register platform support module: /Applications/Unity/Hub/Editor/2020.3.20f1/Unity.app/Contents/PlaybackEngines/MacStandaloneSupport/UnityEditor.OSXStandalone.Extensions.dll
Registered in 0.002053 seconds.
Native extension for OSXStandalone target not found
Refreshing native plugins compatible for Editor in 40.57 ms, found 3 plugins.
Preloading 0 native plugins for Editor in 0.00 ms.
Mono: successfully reloaded assembly
- Completed reload, in  2.911 seconds
Domain Reload Profiling:
	ReloadAssembly (2911ms)
		BeginReloadAssembly (78ms)
			ExecutionOrderSort (0ms)
			DisableScriptedObjects (0ms)
			BackupInstance (0ms)
			ReleaseScriptingObjects (0ms)
			CreateAndSetChildDomain (2ms)
		EndReloadAssembly (842ms)
			LoadAssemblies (76ms)
			RebuildTransferFunctionScriptingTraits (0ms)
			SetupTypeCache (177ms)
			ReleaseScriptCaches (0ms)
			RebuildScriptCaches (39ms)
			SetupLoadedEditorAssemblies (484ms)
				LogAssemblyErrors (0ms)
				InitializePlatformSupportModulesInManaged (8ms)
				SetLoadedEditorAssemblies (0ms)
				RefreshPlugins (41ms)
				BeforeProcessingInitializeOnLoad (69ms)
				ProcessInitializeOnLoadAttributes (272ms)
				ProcessInitializeOnLoadMethodAttributes (92ms)
				AfterProcessingInitializeOnLoad (0ms)
				EditorAssembliesLoaded (1ms)
			ExecutionOrderSort2 (0ms)
			AwakeInstancesAfterBackupRestoration (0ms)
Platform modules already initialized, skipping
Registering precompiled user dll's ...
Registered in 0.002413 seconds.
Begin MonoManager ReloadAssembly
Native extension for OSXStandalone target not found
Refreshing native plugins compatible for Editor in 42.75 ms, found 3 plugins.
Preloading 0 native plugins for Editor in 0.00 ms.
Mono: successfully reloaded assembly
- Completed reload, in  2.210 seconds
Domain Reload Profiling:
	ReloadAssembly (2212ms)
		BeginReloadAssembly (241ms)
			ExecutionOrderSort (0ms)
			DisableScriptedObjects (29ms)
			BackupInstance (0ms)
			ReleaseScriptingObjects (0ms)
			CreateAndSetChildDomain (30ms)
		EndReloadAssembly (1887ms)
			LoadAssemblies (187ms)
			RebuildTransferFunctionScriptingTraits (0ms)
			SetupTypeCache (319ms)
			ReleaseScriptCaches (1ms)
			RebuildScriptCaches (52ms)
			SetupLoadedEditorAssemblies (1046ms)
				LogAssemblyErrors (0ms)
				InitializePlatformSupportModulesInManaged (9ms)
				SetLoadedEditorAssemblies (1ms)
				RefreshPlugins (43ms)
				BeforeProcessingInitializeOnLoad (154ms)
				ProcessInitializeOnLoadAttributes (804ms)
				ProcessInitializeOnLoadMethodAttributes (34ms)
				AfterProcessingInitializeOnLoad (1ms)
				EditorAssembliesLoaded (0ms)
			ExecutionOrderSort2 (0ms)
			AwakeInstancesAfterBackupRestoration (29ms)
Platform modules already initialized, skipping
Validating Project structure ... 0.003769 seconds.
Shader import version has changed; will reimport all shaders...
Upgrading shader files ...0.003742 seconds.
Application.AssetDatabase Initial Script Refresh Start
RefreshInfo: InitialScriptRefreshV2(NoUpdateAssetOptions) scanfilter:  ... 1 filters
RefreshProfiler: Total: 0.000ms
Application.AssetDatabase Initial Script Refresh End
Application.AssetDatabase.Refresh Start
Application.AssetDatabase.Refresh End
RefreshInfo: StopAssetImportingV2(ForceSynchronousImport) scanfilter: 
RefreshProfiler: Total: 0.000ms
Launching external process: /Applications/Unity/Hub/Editor/2020.3.20f1/Unity.app/Contents/Tools/UnityShaderCompiler
Launched and connected shader compiler UnityShaderCompiler after 0.02 seconds
Initializing Unity extensions:
2021-11-02 23:32:01.808 Unity[3184:36757] NSEventModifierFlagFunction specified to -setKeyEquivalentModifierMask: for item <NSMenuItem: 0x60000211e7d0 Font Asset, ke='Command-F12'>, but is only supported for system-provided menu items; will not be used
2021-11-02 23:32:01.811 Unity[3184:36757] NSEventModifierFlagFunction specified to -setKeyEquivalentModifierMask: for item <NSMenuItem: 0x60000216d490 Font Asset, ke='Command-F12'>, but is only supported for system-provided menu items; will not be used
========================================================================
Worker process is ready to serve import requests
Refreshing native plugins compatible for Editor in 0.44 ms, found 3 plugins.
Preloading 0 native plugins for Editor in 0.00 ms.
Unloading 2098 Unused Serialized files (Serialized files now loaded: 0)
System memory in use before: 198.6 MB.
System memory in use after: 197.8 MB.

Unloading 102 unused Assets to reduce memory usage. Loaded Objects now: 2577.
Total: 2.702042 ms (FindLiveObjects: 0.129000 ms CreateObjectMapping: 0.041250 ms MarkObjects: 2.119500 ms  DeleteObjects: 0.411708 ms)

AssetImportParameters requested are different than current active one (requested -> active):
  custom:video-decoder-ogg-theora: a1e56fd34408186e4bbccfd4996cb3dc -> 
  custom:container-muxer-webm: aa71ff27fc2769a1b78a27578f13a17b -> 
  custom:container-demuxer-webm: 4f35f7cbe854078d1ac9338744f61a02 -> 
  custom:container-demuxer-ogg: 62fdf1f143b41e24485cea50d1cbac27 -> 
  custom:video-encoder-webm-vp8: eb34c28f22e8b96e1ab97ce403110664 -> 
  custom:framework-osx-AVFoundation: e770b220cccbd017edd2c1fefb359320 -> 
  custom:video-decoder-webm-vp8: 9c59270c3fd7afecdb556c50c9e8de78 -> 
  custom:audio-decoder-ogg-vorbis: bf7c407c2cedff20999df2af8eb42d56 -> 
  custom:audio-encoder-webm-vorbis: bf7c407c2cedff20999df2af8eb42d56 -> 
========================================================================
Received Import Request.
  path: Assets/SPA/Enemy/PatrolGuy/Go/3.png
  artifactKey: Guid(fe711ee7cd0fd844da7388d4f8873507) Importer(815301076,1909f56bfc062723c751e8b465ee728b)
Start importing Assets/SPA/Enemy/PatrolGuy/Go/3.png using Guid(fe711ee7cd0fd844da7388d4f8873507) Importer(815301076,1909f56bfc062723c751e8b465ee728b)  -> (artifact id: '1cfafe25e0748ed62e5b8dd7f70f7230') in 0.510971 seconds 
  Import took 0.514202 seconds .

========================================================================
Received Import Request.
  Time since last request: 0.001882 seconds.
  path: Assets/SPA/Enemy/PatrolGuy/Go/5.png
  artifactKey: Guid(9efa2edf43328434db11ff556b39abe6) Importer(815301076,1909f56bfc062723c751e8b465ee728b)
Start importing Assets/SPA/Enemy/PatrolGuy/Go/5.png using Guid(9efa2edf43328434db11ff556b39abe6) Importer(815301076,1909f56bfc062723c751e8b465ee728b)  -> (artifact id: 'caae2cb95cfc3197ca05d03de30c4b9d') in 0.010642 seconds 
  Import took 0.012960 seconds .

========================================================================
Received Import Request.
  Time since last request: 0.000234 seconds.
  path: Assets/SPA/Enemy/PatrolGuy/Go/4.png
  artifactKey: Guid(ff9b7ee0a9934da4aab137487ab69c80) Importer(815301076,1909f56bfc062723c751e8b465ee728b)
Start importing Assets/SPA/Enemy/PatrolGuy/Go/4.png using Guid(ff9b7ee0a9934da4aab137487ab69c80) Importer(815301076,1909f56bfc062723c751e8b465ee728b)  -> (artifact id: 'f8550c38b44274e0ac7e5f498c67f402') in 0.007821 seconds 
  Import took 0.010485 seconds .

========================================================================
Received Import Request.
  Time since last request: 0.000229 seconds.
  path: Assets/SPA/Enemy/PatrolGuy/Go/2.png
  artifactKey: Guid(9a28442dd48dafa4b9210de5d24d9752) Importer(815301076,1909f56bfc062723c751e8b465ee728b)
Start importing Assets/SPA/Enemy/PatrolGuy/Go/2.png using Guid(9a28442dd48dafa4b9210de5d24d9752) Importer(815301076,1909f56bfc062723c751e8b465ee728b)  -> (artifact id: 'f4f808ec2052fc6c438e3d94c81e35b9') in 0.008125 seconds 
  Import took 0.010409 seconds .

========================================================================
Received Import Request.
  Time since last request: 0.000272 seconds.
  path: Assets/SPA/Enemy/PatrolGuy/Go/1.png
  artifactKey: Guid(f556a97d91d43734b82c5381ccbd431e) Importer(815301076,1909f56bfc062723c751e8b465ee728b)
Start importing Assets/SPA/Enemy/PatrolGuy/Go/1.png using Guid(f556a97d91d43734b82c5381ccbd431e) Importer(815301076,1909f56bfc062723c751e8b465ee728b)  -> (artifact id: 'c611eef5564c8cfbe61b0db51dbaa7e0') in 0.007701 seconds 
  Import took 0.010027 seconds .

========================================================================
Received Import Request.
  Time since last request: 0.000249 seconds.
  path: Assets/SPA/Enemy/PatrolGuy/Go/6.png
  artifactKey: Guid(6e7aa10ac8d9cb6458e877cc5119c525) Importer(815301076,1909f56bfc062723c751e8b465ee728b)
Start importing Assets/SPA/Enemy/PatrolGuy/Go/6.png using Guid(6e7aa10ac8d9cb6458e877cc5119c525) Importer(815301076,1909f56bfc062723c751e8b465ee728b)  -> (artifact id: 'b5522ea70c4e5251f504a4ca18037458') in 0.008062 seconds 
  Import took 0.010913 seconds .

========================================================================
Received Import Request.
  Time since last request: 2.804607 seconds.
  path: Assets/SPA/Enemy/PatrolGuy/Go/Thumbs.db
  artifactKey: Guid(b7e2319e326a67b43b3753cf4ed0ddb6) Importer(815301076,1909f56bfc062723c751e8b465ee728b)
Start importing Assets/SPA/Enemy/PatrolGuy/Go/Thumbs.db using Guid(b7e2319e326a67b43b3753cf4ed0ddb6) Importer(815301076,1909f56bfc062723c751e8b465ee728b)  -> (artifact id: '502af038df6128c95050041bf40b0e6f') in 0.447227 seconds 
  Import took 0.450578 seconds .

========================================================================
Received Import Request.
  Time since last request: 224.572023 seconds.
  path: Assets/SPA/Enemy/PatrolGuy/Go
  artifactKey: Guid(2bd88b8722c4db34c847e3696122061e) Importer(815301076,1909f56bfc062723c751e8b465ee728b)
Start importing Assets/SPA/Enemy/PatrolGuy/Go using Guid(2bd88b8722c4db34c847e3696122061e) Importer(815301076,1909f56bfc062723c751e8b465ee728b)  -> (artifact id: '3ceccb3ecb1d0310a26cd01712b1a4b2') in 0.001811 seconds 
  Import took 0.005897 seconds .

========================================================================
Received Import Request.
  Time since last request: 485.586008 seconds.
  path: Assets/SPA/Enemy/PatrolGuy/Hit/1.png
  artifactKey: Guid(e82d9cf6f530eb746ba4ca27534c0517) Importer(815301076,1909f56bfc062723c751e8b465ee728b)
Start importing Assets/SPA/Enemy/PatrolGuy/Hit/1.png using Guid(e82d9cf6f530eb746ba4ca27534c0517) Importer(815301076,1909f56bfc062723c751e8b465ee728b)  -> (artifact id: 'f2d8cd52e805eced0593ed3c218dd77e') in 0.008160 seconds 
  Import took 0.011333 seconds .

========================================================================
Received Import Request.
  Time since last request: 9.909263 seconds.
  path: Assets/SPA/Enemy/Bat/Sleep-Hit/Hit.png
  artifactKey: Guid(76e8d3ba336b3234e820049648b5820b) Importer(815301076,1909f56bfc062723c751e8b465ee728b)
Start importing Assets/SPA/Enemy/Bat/Sleep-Hit/Hit.png using Guid(76e8d3ba336b3234e820049648b5820b) Importer(815301076,1909f56bfc062723c751e8b465ee728b)  -> (artifact id: '287e5c686cf9741708aede80399dad66') in 0.008583 seconds 
  Import took 0.012108 seconds .

========================================================================
Received Import Request.
  Time since last request: 1.176952 seconds.
  path: Assets/SPA/Enemy/Bat/Sleep-Hit/Sleep.png
  artifactKey: Guid(122ab799312426541b48973c38b3e860) Importer(815301076,1909f56bfc062723c751e8b465ee728b)
Start importing Assets/SPA/Enemy/Bat/Sleep-Hit/Sleep.png using Guid(122ab799312426541b48973c38b3e860) Importer(815301076,1909f56bfc062723c751e8b465ee728b)  -> (artifact id: '15e1f98560df4e28abcfe7caf43ec3ca') in 0.009088 seconds 
  Import took 0.012297 seconds .

